<?xml version="1.0" encoding="UTF-8"?>
<!-- Generated by org.testng.reporters.JUnitReportReporter -->
<testsuite hostname="DESKTOP-KOISNHS" failures="0" tests="1" name="tests.testexamples" time="2.066" errors="0" timestamp="2023-04-04T16:46:25 EDT" skipped="0">
  <testcase classname="tests.testexamples" name="test_1" time="2.066"/>
</testsuite> <!-- tests.testexamples -->
