<?xml version="1.0" encoding="UTF-8"?>
<!-- Generated by org.testng.reporters.JUnitReportReporter -->
<testsuite hostname="DESKTOP-KOISNHS" failures="0" tests="1" name="tests.PutPatchAndDelete" time="0.724" errors="0" timestamp="2023-04-02T17:43:15 EDT" skipped="0">
  <testcase classname="tests.PutPatchAndDelete" name="Put" time="0.724"/>
  <system-out/>
</testsuite> <!-- tests.PutPatchAndDelete -->
