<?xml version="1.0" encoding="UTF-8"?>
<!-- Generated by org.testng.reporters.JUnitReportReporter -->
<testsuite hostname="DESKTOP-KOISNHS" failures="0" tests="1" name="tests.PostMethod" time="2.311" errors="0" timestamp="2023-04-06T02:32:34 EDT" skipped="0">
  <testcase classname="tests.PostMethod" name="Postdata" time="2.311"/>
</testsuite> <!-- tests.PostMethod -->
