<?xml version="1.0" encoding="UTF-8"?>
<!-- Generated by org.testng.reporters.JUnitReportReporter -->
<testsuite hostname="DESKTOP-KOISNHS" failures="0" tests="1" name="tests.Getmethod" time="2.299" errors="0" timestamp="2023-04-05T13:26:00 EDT" skipped="0">
  <testcase classname="tests.Getmethod" name="get" time="2.299"/>
</testsuite> <!-- tests.Getmethod -->
